
> svn-merge-annotator-ui@0.1.0 dev
> vite --host 0.0.0.0 --port 5173


  [32m[1mVITE[22m v5.4.21[39m  [2mready in [0m[1m840[22m[2m[0m ms[22m

  [32m➜[39m  [1mLocal[22m:   [36mhttp://localhost:[1m5173[22m/[39m
  [32m➜[39m  [1mNetwork[22m: [36mhttp://100.89.160.125:[1m5173[22m/[39m
  [32m➜[39m  [1mNetwork[22m: [36mhttp://172.16.20.112:[1m5173[22m/[39m
[2m[32m  ➜[39m[22m[2m  press [22m[1mh + enter[22m[2m to show help[22m
[2m11:19:34[22m [36m[1m[vite][22m[39m [32mhmr update [39m[2m/src/App.vue[22m
[2m11:19:55[22m [36m[1m[vite][22m[39m [32mhmr update [39m[2m/src/style.css[22m
[2m11:28:30[22m [36m[1m[vite][22m[39m [32mhmr update [39m[2m/src/App.vue[22m
[2m11:28:41[22m [36m[1m[vite][22m[39m [32mhmr update [39m[2m/src/style.css[22m
[2m11:29:00[22m [36m[1m[vite][22m[39m [32mhmr update [39m[2m/src/App.vue[22m
[2m11:36:30[22m [36m[1m[vite][22m[39m [32mhmr update [39m[2m/src/App.vue[22m
[2m11:36:43[22m [36m[1m[vite][22m[39m [32mhmr update [39m[2m/src/style.css[22m
[2m13:01:25[22m [36m[1m[vite][22m[39m [32mhmr update [39m[2m/src/App.vue[22m
[2m13:29:30[22m [36m[1m[vite][22m[39m [32mhmr update [39m[2m/src/App.vue[22m
[2m14:01:57[22m [36m[1m[vite][22m[39m [32mhmr update [39m[2m/src/App.vue[22m
[2m14:02:07[22m [36m[1m[vite][22m[39m [32mhmr update [39m[2m/src/style.css[22m
[2m14:06:31[22m [36m[1m[vite][22m[39m [32mhmr update [39m[2m/src/App.vue[22m
[2m14:06:41[22m [36m[1m[vite][22m[39m [32mhmr update [39m[2m/src/App.vue[22m
[2m14:06:49[22m [36m[1m[vite][22m[39m [32mhmr update [39m[2m/src/App.vue[22m
[2m14:07:09[22m [36m[1m[vite][22m[39m [32mhmr update [39m[2m/src/App.vue[22m
[2m14:07:18[22m [36m[1m[vite][22m[39m [32mhmr update [39m[2m/src/style.css[22m
[2m14:09:11[22m [36m[1m[vite][22m[39m [32mhmr update [39m[2m/src/App.vue[22m
[2m14:09:19[22m [36m[1m[vite][22m[39m [32mhmr update [39m[2m/src/App.vue[22m
[2m14:09:40[22m [36m[1m[vite][22m[39m [32mhmr update [39m[2m/src/App.vue[22m
[2m14:09:56[22m [36m[1m[vite][22m[39m [32mhmr update [39m[2m/src/style.css[22m
[2m14:13:10[22m [36m[1m[vite][22m[39m [32mhmr update [39m[2m/src/App.vue[22m
